<?xml version="1.0" encoding="UTF-8"?>
<!-- Generated by org.testng.reporters.JUnitXMLReporter -->
<testsuite ignored="0" hostname="AITLP-83" failures="0" tests="6" name="Test" time="0.157" errors="0" timestamp="2021-04-10T18:25:10 IST">
  <testcase classname="TestMavenProject.MavenJava.AbfDEVTest" name="Abfdoc" time="0.022"/>
  <testcase classname="TestMavenProject.MavenJava.AbfDEVTest" name="Abflibrary" time="0.009"/>
  <testcase classname="TestMavenProject.MavenJava.PimcoDEVTest" name="Jhflibrary" time="0.006"/>
  <testcase classname="TestMavenProject.MavenJava.PimcoDEVTest" name="Pimcodoc" time="0.002"/>
  <testcase classname="TestMavenProject.MavenJava.JhfDEVTest" name="Jhfdoc" time="0.005"/>
  <testcase classname="TestMavenProject.MavenJava.JhfDEVTest" name="Jhflibrary" time="0.003"/>
</testsuite> <!-- Test -->
