<?xml version="1.0" encoding="UTF-8"?>
<!-- Generated by org.testng.reporters.JUnitXMLReporter -->
<testsuite ignored="0" hostname="AITLP-83" failures="0" tests="6" name="Test" time="0.105" errors="0" timestamp="2021-04-10T22:41:49 IST">
  <testcase classname="TestMavenProject.MavenJava.AbfDEVTest" name="Abfdoc" time="0.01"/>
  <testcase classname="TestMavenProject.MavenJava.AbfDEVTest" name="Abflibrary" time="0.001"/>
  <testcase classname="TestMavenProject.MavenJava.PimcoDEVTest" name="Jhflibrary" time="0.002"/>
  <testcase classname="TestMavenProject.MavenJava.PimcoDEVTest" name="Pimcodoc" time="0.0"/>
  <testcase classname="TestMavenProject.MavenJava.JhfDEVTest" name="Jhfdoc" time="0.0"/>
  <testcase classname="TestMavenProject.MavenJava.JhfDEVTest" name="Jhflibrary" time="0.0"/>
</testsuite> <!-- Test -->
