<?xml version="1.0" encoding="UTF-8"?>
<testng-results ignored="0" total="6" passed="6" failed="0" skipped="0">
  <reporter-output>
  </reporter-output>
  <suite started-at="2021-04-10T22:41:49 IST" name="Suite" finished-at="2021-04-10T22:41:49 IST" duration-ms="105">
    <groups>
    </groups>
    <test started-at="2021-04-10T22:41:49 IST" name="Test" finished-at="2021-04-10T22:41:49 IST" duration-ms="105">
      <class name="TestMavenProject.MavenJava.AbfDEVTest">
        <test-method signature="Abfdoc()[pri:0, instance:TestMavenProject.MavenJava.AbfDEVTest@2a266d09]" started-at="2021-04-10T22:41:49 IST" name="Abfdoc" finished-at="2021-04-10T22:41:49 IST" duration-ms="10" status="PASS">
          <reporter-output>
          </reporter-output>
        </test-method> <!-- Abfdoc -->
        <test-method signature="Abflibrary()[pri:0, instance:TestMavenProject.MavenJava.AbfDEVTest@2a266d09]" started-at="2021-04-10T22:41:49 IST" name="Abflibrary" finished-at="2021-04-10T22:41:49 IST" duration-ms="1" status="PASS">
          <reporter-output>
          </reporter-output>
        </test-method> <!-- Abflibrary -->
      </class> <!-- TestMavenProject.MavenJava.AbfDEVTest -->
      <class name="TestMavenProject.MavenJava.PimcoDEVTest">
        <test-method signature="Jhflibrary()[pri:0, instance:TestMavenProject.MavenJava.PimcoDEVTest@53aad5d5]" started-at="2021-04-10T22:41:49 IST" name="Jhflibrary" finished-at="2021-04-10T22:41:49 IST" duration-ms="2" status="PASS">
          <reporter-output>
          </reporter-output>
        </test-method> <!-- Jhflibrary -->
        <test-method signature="Pimcodoc()[pri:0, instance:TestMavenProject.MavenJava.PimcoDEVTest@53aad5d5]" started-at="2021-04-10T22:41:49 IST" name="Pimcodoc" finished-at="2021-04-10T22:41:49 IST" duration-ms="0" status="PASS">
          <reporter-output>
          </reporter-output>
        </test-method> <!-- Pimcodoc -->
      </class> <!-- TestMavenProject.MavenJava.PimcoDEVTest -->
      <class name="TestMavenProject.MavenJava.JhfDEVTest">
        <test-method signature="Jhfdoc()[pri:0, instance:TestMavenProject.MavenJava.JhfDEVTest@46fa7c39]" started-at="2021-04-10T22:41:49 IST" name="Jhfdoc" finished-at="2021-04-10T22:41:49 IST" duration-ms="0" status="PASS">
          <reporter-output>
          </reporter-output>
        </test-method> <!-- Jhfdoc -->
        <test-method signature="Jhflibrary()[pri:0, instance:TestMavenProject.MavenJava.JhfDEVTest@46fa7c39]" started-at="2021-04-10T22:41:49 IST" name="Jhflibrary" finished-at="2021-04-10T22:41:49 IST" duration-ms="0" status="PASS">
          <reporter-output>
          </reporter-output>
        </test-method> <!-- Jhflibrary -->
      </class> <!-- TestMavenProject.MavenJava.JhfDEVTest -->
    </test> <!-- Test -->
  </suite> <!-- Suite -->
</testng-results>
