<?xml version="1.0" encoding="UTF-8"?>
<testng-results ignored="0" total="6" passed="6" failed="0" skipped="0">
  <reporter-output>
  </reporter-output>
  <suite started-at="2021-04-10T18:25:09 IST" name="Suite" finished-at="2021-04-10T18:25:10 IST" duration-ms="157">
    <groups>
    </groups>
    <test started-at="2021-04-10T18:25:09 IST" name="Test" finished-at="2021-04-10T18:25:10 IST" duration-ms="157">
      <class name="TestMavenProject.MavenJava.AbfDEVTest">
        <test-method signature="Abfdoc()[pri:0, instance:TestMavenProject.MavenJava.AbfDEVTest@2f54a33d]" started-at="2021-04-10T18:25:09 IST" name="Abfdoc" finished-at="2021-04-10T18:25:09 IST" duration-ms="22" status="PASS">
          <reporter-output>
          </reporter-output>
        </test-method> <!-- Abfdoc -->
        <test-method signature="Abflibrary()[pri:0, instance:TestMavenProject.MavenJava.AbfDEVTest@2f54a33d]" started-at="2021-04-10T18:25:09 IST" name="Abflibrary" finished-at="2021-04-10T18:25:10 IST" duration-ms="9" status="PASS">
          <reporter-output>
          </reporter-output>
        </test-method> <!-- Abflibrary -->
      </class> <!-- TestMavenProject.MavenJava.AbfDEVTest -->
      <class name="TestMavenProject.MavenJava.PimcoDEVTest">
        <test-method signature="Jhflibrary()[pri:0, instance:TestMavenProject.MavenJava.PimcoDEVTest@1018bde2]" started-at="2021-04-10T18:25:10 IST" name="Jhflibrary" finished-at="2021-04-10T18:25:10 IST" duration-ms="6" status="PASS">
          <reporter-output>
          </reporter-output>
        </test-method> <!-- Jhflibrary -->
        <test-method signature="Pimcodoc()[pri:0, instance:TestMavenProject.MavenJava.PimcoDEVTest@1018bde2]" started-at="2021-04-10T18:25:10 IST" name="Pimcodoc" finished-at="2021-04-10T18:25:10 IST" duration-ms="2" status="PASS">
          <reporter-output>
          </reporter-output>
        </test-method> <!-- Pimcodoc -->
      </class> <!-- TestMavenProject.MavenJava.PimcoDEVTest -->
      <class name="TestMavenProject.MavenJava.JhfDEVTest">
        <test-method signature="Jhfdoc()[pri:0, instance:TestMavenProject.MavenJava.JhfDEVTest@65b3f4a4]" started-at="2021-04-10T18:25:10 IST" name="Jhfdoc" finished-at="2021-04-10T18:25:10 IST" duration-ms="5" status="PASS">
          <reporter-output>
          </reporter-output>
        </test-method> <!-- Jhfdoc -->
        <test-method signature="Jhflibrary()[pri:0, instance:TestMavenProject.MavenJava.JhfDEVTest@65b3f4a4]" started-at="2021-04-10T18:25:10 IST" name="Jhflibrary" finished-at="2021-04-10T18:25:10 IST" duration-ms="3" status="PASS">
          <reporter-output>
          </reporter-output>
        </test-method> <!-- Jhflibrary -->
      </class> <!-- TestMavenProject.MavenJava.JhfDEVTest -->
    </test> <!-- Test -->
  </suite> <!-- Suite -->
</testng-results>
